<?xml version="1.0" encoding="UTF-8"?>
<!-- Generated by org.testng.reporters.JUnitReportReporter -->
<testsuite hostname="LAPTOP-0T7QINT9" failures="0" tests="1" name="practice.DemoFlipkart" time="31.753" errors="0" timestamp="2024-01-09T16:48:28 IST" skipped="0">
  <testcase classname="practice.DemoFlipkart" name="flipkart" time="31.753"/>
</testsuite> <!-- practice.DemoFlipkart -->
