<?xml version="1.0" encoding="UTF-8"?>
<!-- Generated by org.testng.reporters.JUnitReportReporter -->
<testsuite hostname="LAPTOP-0T7QINT9" failures="0" tests="4" name="adv_sel.Mvn_command_Test" time="0.015" errors="0" timestamp="2024-01-09T18:01:00 IST" skipped="0">
  <testcase classname="adv_sel.Mvn_command_Test" name="mvnCommandTest" time="0.002"/>
  <testcase classname="adv_sel.Mvn_command_Test" name="command2Test" time="0.011"/>
  <testcase classname="adv_sel.Mvn_command_Test" name="command4Test" time="0.001"/>
  <testcase classname="adv_sel.Mvn_command_Test" name="command3Test" time="0.001"/>
</testsuite> <!-- adv_sel.Mvn_command_Test -->
