<?xml version="1.0" encoding="UTF-8"?>
<!-- Generated by org.testng.reporters.JUnitReportReporter -->
<testsuite hostname="LAPTOP-0T7QINT9" failures="0" tests="3" name="adv_sel.Mvn_CommandTest" time="0.016" errors="0" timestamp="2024-01-10T09:20:40 IST" skipped="0">
  <testcase classname="adv_sel.Mvn_CommandTest" name="one" time="0.000"/>
  <system-out/>
  <testcase classname="adv_sel.Mvn_CommandTest" name="twoTest" time="0.000"/>
  <system-out/>
  <testcase classname="adv_sel.Mvn_CommandTest" name="threeTest" time="0.016"/>
  <system-out/>
</testsuite> <!-- adv_sel.Mvn_CommandTest -->
